<?xml version="1.0" encoding="UTF-8"?>
<!-- Generated by org.testng.reporters.JUnitXMLReporter -->
<testsuite ignored="0" hostname="LAPTOP-QT859H5O" failures="0" tests="6" name="Default test" time="142.915" errors="0" timestamp="2022-10-18T15:57:53 IST">
  <testcase classname="TestngAutomation.FlipkartAutomation.NewTest" name="navigate" time="8.771"/>
  <testcase classname="TestngAutomation.FlipkartAutomation.NewTest" name="loadImage" time="16.735"/>
  <testcase classname="TestngAutomation.FlipkartAutomation.NewTest" name="bottom" time="4.028"/>
  <testcase classname="TestngAutomation.FlipkartAutomation.NewTest" name="Scrollavailable" time="0.008"/>
  <testcase classname="TestngAutomation.FlipkartAutomation.NewTest" name="scrollFrequency" time="2.034"/>
  <testcase classname="TestngAutomation.FlipkartAutomation.NewTest" name="screenResolution" time="7.582"/>
</testsuite> <!-- Default test -->
